#-----------------------------------------------------------
# Vivado v2020.3 (64-bit)
# SW Build 3173277 on Wed Apr  7 05:07:49 MDT 2021
# IP Build 3174024 on Wed Apr  7 23:42:35 MDT 2021
# Start of session at: Mon Nov 15 16:39:49 2021
# Process ID: 4464
# Current directory: F:/Microsoft Edge/my_fpga/Vivado/Target_Detection
# Command line: vivado.exe -gui_launcher_event rodinguilauncherevent13332 F:\Microsoft Edge\my_fpga\Vivado\Target_Detection\Target_Detection.xpr
# Log file: F:/Microsoft Edge/my_fpga/Vivado/Target_Detection/vivado.log
# Journal file: F:/Microsoft Edge/my_fpga/Vivado/Target_Detection\vivado.jou
#-----------------------------------------------------------
start_gui
open_project {F:/Microsoft Edge/my_fpga/Vivado/Target_Detection/Target_Detection.xpr}
WARNING: [filemgmt 56-3] IP Repository Path: Could not find the directory 'F:/Microsoft Edge/my_fpga/Vivado/custom_ip/ip_repo/AXI_VIP_Frame_Difference_1_0'.
Scanning sources...
Finished scanning sources
INFO: [IP_Flow 19-234] Refreshing IP repositories
WARNING: [IP_Flow 19-2248] Failed to load user IP repository 'f:/Microsoft Edge/my_fpga/Vivado/custom_ip/ip_repo/AXI_VIP_Frame_Difference_1_0'; Can't find the specified path.
If this directory should no longer be in your list of user repositories, go to the IP Settings dialog and remove it.
INFO: [IP_Flow 19-1700] Loaded user IP repository 'f:/Microsoft Edge/my_fpga/Vivado/Target_Detection/IP_DIY'.
INFO: [IP_Flow 19-2313] Loaded Vivado IP repository 'I:/Xilinx/Vivado/2020.3/data/ip'.
WARNING: [IP_Flow 19-2162] IP 'video_fifo' is locked:
* IP 'video_fifo' does not support the current project part 'xcvc1802-viva1596-1LHP-i-L'. Note that part differences may result in undefined behavior.
WARNING: [BD 41-1661] One or more IPs have been locked in the design 'BlockDesign.bd'. Please run report_ip_status for more details and recommendations on how to fix this issue.
List of locked IPs:
BlockDesign_processing_system7_0_0
BlockDesign_axi_vdma_0_0
BlockDesign_v_vid_in_axi4s_0_0
BlockDesign_axi_dynclk_0_0
BlockDesign_ov5640_capture_data_0_0
BlockDesign_v_axi4s_vid_out_0_0
BlockDesign_smartconnect_0_0
BlockDesign_DVI_Transmitter_0_0
BlockDesign_v_tc_0_0
BlockDesign_xbar_0
BlockDesign_ps7_axi_periph_0
BlockDesign_rst_ps7_100M_0
BlockDesign_axi_vdma_0_1
BlockDesign_auto_pc_0

open_project: Time (s): cpu = 00:00:33 ; elapsed = 00:00:34 . Memory (MB): peak = 944.551 ; gain = 0.000
update_compile_order -fileset sources_1
exit
INFO: [Common 17-206] Exiting Vivado at Mon Nov 15 16:51:23 2021...
